<?xml version="1.0" encoding="UTF-8"?>
<!-- Generated by org.testng.reporters.JUnitXMLReporter -->
<testsuite ignored="0" hostname="ranvitha-PC" failures="0" tests="4" name="testngpractice" time="0.153" errors="0" timestamp="2021-10-28T11:49:56 IST">
  <testcase classname="testngpractice.Annotions" name="testcase1" time="0.011"/>
  <testcase classname="testngpractice.Annotions" name="testcase2" time="0.002"/>
  <testcase classname="testngpractice.Suitetest" name="testcase3" time="0.023"/>
  <testcase classname="testngpractice.Suitetest" name="testcase4" time="0.002"/>
</testsuite> <!-- testngpractice -->
