<?xml version="1.0" encoding="UTF-8"?>
<testng-results ignored="0" total="2" passed="2" failed="0" skipped="0">
  <reporter-output>
  </reporter-output>
  <suite started-at="2021-12-16T12:17:35 IST" name="Default suite" finished-at="2021-12-16T12:17:35 IST" duration-ms="119">
    <groups>
    </groups>
    <test started-at="2021-12-16T12:17:35 IST" name="Default test" finished-at="2021-12-16T12:17:35 IST" duration-ms="119">
      <class name="testngpractice.Annotions">
        <test-method is-config="true" signature="beforeclass()[pri:0, instance:testngpractice.Annotions@1f0f1111]" started-at="2021-12-16T12:17:35 IST" name="beforeclass" finished-at="2021-12-16T12:17:35 IST" duration-ms="34" status="PASS">
          <reporter-output>
          </reporter-output>
        </test-method> <!-- beforeclass -->
        <test-method is-config="true" signature="beforeMethod()[pri:0, instance:testngpractice.Annotions@1f0f1111]" started-at="2021-12-16T12:17:35 IST" name="beforeMethod" finished-at="2021-12-16T12:17:35 IST" duration-ms="1" status="PASS">
          <reporter-output>
          </reporter-output>
        </test-method> <!-- beforeMethod -->
        <test-method signature="testcase1()[pri:0, instance:testngpractice.Annotions@1f0f1111]" started-at="2021-12-16T12:17:35 IST" name="testcase1" finished-at="2021-12-16T12:17:35 IST" duration-ms="7" status="PASS">
          <reporter-output>
          </reporter-output>
        </test-method> <!-- testcase1 -->
        <test-method is-config="true" signature="afterMethod()[pri:0, instance:testngpractice.Annotions@1f0f1111]" started-at="2021-12-16T12:17:35 IST" name="afterMethod" finished-at="2021-12-16T12:17:35 IST" duration-ms="1" status="PASS">
          <reporter-output>
          </reporter-output>
        </test-method> <!-- afterMethod -->
        <test-method is-config="true" signature="beforeMethod()[pri:0, instance:testngpractice.Annotions@1f0f1111]" started-at="2021-12-16T12:17:35 IST" name="beforeMethod" finished-at="2021-12-16T12:17:35 IST" duration-ms="0" status="PASS">
          <reporter-output>
          </reporter-output>
        </test-method> <!-- beforeMethod -->
        <test-method signature="testcase2()[pri:0, instance:testngpractice.Annotions@1f0f1111]" started-at="2021-12-16T12:17:35 IST" name="testcase2" finished-at="2021-12-16T12:17:35 IST" duration-ms="2" status="PASS">
          <reporter-output>
          </reporter-output>
        </test-method> <!-- testcase2 -->
        <test-method is-config="true" signature="afterMethod()[pri:0, instance:testngpractice.Annotions@1f0f1111]" started-at="2021-12-16T12:17:35 IST" name="afterMethod" finished-at="2021-12-16T12:17:35 IST" duration-ms="0" status="PASS">
          <reporter-output>
          </reporter-output>
        </test-method> <!-- afterMethod -->
      </class> <!-- testngpractice.Annotions -->
    </test> <!-- Default test -->
  </suite> <!-- Default suite -->
</testng-results>
